[2026-03-27T12:38:35.751+0000] {taskinstance.py:1956} INFO - Dependencies all met for dep_context=non-requeueable deps ti=<TaskInstance: taxi_pipeline.aggregate_data scheduled__2026-03-27T11:00:00+00:00 [queued]>
[2026-03-27T12:38:35.759+0000] {taskinstance.py:1956} INFO - Dependencies all met for dep_context=requeueable deps ti=<TaskInstance: taxi_pipeline.aggregate_data scheduled__2026-03-27T11:00:00+00:00 [queued]>
[2026-03-27T12:38:35.760+0000] {taskinstance.py:2170} INFO - Starting attempt 1 of 1
[2026-03-27T12:38:35.773+0000] {taskinstance.py:2191} INFO - Executing <Task(PythonOperator): aggregate_data> on 2026-03-27 11:00:00+00:00
[2026-03-27T12:38:35.782+0000] {standard_task_runner.py:60} INFO - Started process 167 to run task
[2026-03-27T12:38:35.791+0000] {standard_task_runner.py:87} INFO - Running: ['***', 'tasks', 'run', 'taxi_pipeline', 'aggregate_data', 'scheduled__2026-03-27T11:00:00+00:00', '--job-id', '6', '--raw', '--subdir', 'DAGS_FOLDER/taxi_pipeline.py', '--cfg-path', '/tmp/tmpzcgvaci1']
[2026-03-27T12:38:35.796+0000] {standard_task_runner.py:88} INFO - Job 6: Subtask aggregate_data
[2026-03-27T12:38:35.870+0000] {task_command.py:423} INFO - Running <TaskInstance: taxi_pipeline.aggregate_data scheduled__2026-03-27T11:00:00+00:00 [running]> on host cc37b129f79e
[2026-03-27T12:38:35.998+0000] {taskinstance.py:2480} INFO - Exporting env vars: AIRFLOW_CTX_DAG_OWNER='***' AIRFLOW_CTX_DAG_ID='taxi_pipeline' AIRFLOW_CTX_TASK_ID='aggregate_data' AIRFLOW_CTX_EXECUTION_DATE='2026-03-27T11:00:00+00:00' AIRFLOW_CTX_TRY_NUMBER='1' AIRFLOW_CTX_DAG_RUN_ID='scheduled__2026-03-27T11:00:00+00:00'
[2026-03-27T12:38:36.009+0000] {taskinstance.py:2698} ERROR - Task failed with exception
Traceback (most recent call last):
  File "/home/airflow/.local/lib/python3.8/site-packages/airflow/models/taskinstance.py", line 433, in _execute_task
    result = execute_callable(context=context, **execute_callable_kwargs)
  File "/home/airflow/.local/lib/python3.8/site-packages/airflow/operators/python.py", line 199, in execute
    return_value = self.execute_callable()
  File "/home/airflow/.local/lib/python3.8/site-packages/airflow/operators/python.py", line 216, in execute_callable
    return self.python_callable(*self.op_args, **self.op_kwargs)
  File "/opt/airflow/dags/taxi_pipeline.py", line 15, in aggregate_data
    cur.execute("""
psycopg2.errors.UndefinedTable: relation "taxi_rides" does not exist
LINE 4:         FROM taxi_rides
                     ^

[2026-03-27T12:38:36.022+0000] {taskinstance.py:1138} INFO - Marking task as FAILED. dag_id=taxi_pipeline, task_id=aggregate_data, execution_date=20260327T110000, start_date=20260327T123835, end_date=20260327T123836
[2026-03-27T12:38:36.041+0000] {standard_task_runner.py:107} ERROR - Failed to execute job 6 for task aggregate_data (relation "taxi_rides" does not exist
LINE 4:         FROM taxi_rides
                     ^
; 167)
[2026-03-27T12:38:36.082+0000] {local_task_job_runner.py:234} INFO - Task exited with return code 1
[2026-03-27T12:38:36.114+0000] {taskinstance.py:3280} INFO - 0 downstream tasks scheduled from follow-on schedule check
