[2026-03-27T07:49:44.563+0000] {taskinstance.py:1956} INFO - Dependencies all met for dep_context=non-requeueable deps ti=<TaskInstance: taxi_pipeline.aggregate_data scheduled__2026-03-27T06:00:00+00:00 [queued]>
[2026-03-27T07:49:44.578+0000] {taskinstance.py:1956} INFO - Dependencies all met for dep_context=requeueable deps ti=<TaskInstance: taxi_pipeline.aggregate_data scheduled__2026-03-27T06:00:00+00:00 [queued]>
[2026-03-27T07:49:44.579+0000] {taskinstance.py:2170} INFO - Starting attempt 1 of 1
[2026-03-27T07:49:44.630+0000] {taskinstance.py:2191} INFO - Executing <Task(PythonOperator): aggregate_data> on 2026-03-27 06:00:00+00:00
[2026-03-27T07:49:44.643+0000] {standard_task_runner.py:60} INFO - Started process 692 to run task
[2026-03-27T07:49:44.650+0000] {standard_task_runner.py:87} INFO - Running: ['***', 'tasks', 'run', 'taxi_pipeline', 'aggregate_data', 'scheduled__2026-03-27T06:00:00+00:00', '--job-id', '3', '--raw', '--subdir', 'DAGS_FOLDER/taxi_pipeline.py', '--cfg-path', '/tmp/tmpcutakyfj']
[2026-03-27T07:49:44.654+0000] {standard_task_runner.py:88} INFO - Job 3: Subtask aggregate_data
[2026-03-27T07:49:44.794+0000] {task_command.py:423} INFO - Running <TaskInstance: taxi_pipeline.aggregate_data scheduled__2026-03-27T06:00:00+00:00 [running]> on host cc37b129f79e
[2026-03-27T07:49:45.005+0000] {taskinstance.py:2480} INFO - Exporting env vars: AIRFLOW_CTX_DAG_OWNER='***' AIRFLOW_CTX_DAG_ID='taxi_pipeline' AIRFLOW_CTX_TASK_ID='aggregate_data' AIRFLOW_CTX_EXECUTION_DATE='2026-03-27T06:00:00+00:00' AIRFLOW_CTX_TRY_NUMBER='1' AIRFLOW_CTX_DAG_RUN_ID='scheduled__2026-03-27T06:00:00+00:00'
[2026-03-27T07:49:45.018+0000] {taskinstance.py:2698} ERROR - Task failed with exception
Traceback (most recent call last):
  File "/home/airflow/.local/lib/python3.8/site-packages/airflow/models/taskinstance.py", line 433, in _execute_task
    result = execute_callable(context=context, **execute_callable_kwargs)
  File "/home/airflow/.local/lib/python3.8/site-packages/airflow/operators/python.py", line 199, in execute
    return_value = self.execute_callable()
  File "/home/airflow/.local/lib/python3.8/site-packages/airflow/operators/python.py", line 216, in execute_callable
    return self.python_callable(*self.op_args, **self.op_kwargs)
  File "/opt/airflow/dags/taxi_pipeline.py", line 15, in aggregate_data
    cur.execute("""
psycopg2.errors.UndefinedTable: relation "taxi_rides" does not exist
LINE 4:         FROM taxi_rides
                     ^

[2026-03-27T07:49:45.033+0000] {taskinstance.py:1138} INFO - Marking task as FAILED. dag_id=taxi_pipeline, task_id=aggregate_data, execution_date=20260327T060000, start_date=20260327T074944, end_date=20260327T074945
[2026-03-27T07:49:45.052+0000] {standard_task_runner.py:107} ERROR - Failed to execute job 3 for task aggregate_data (relation "taxi_rides" does not exist
LINE 4:         FROM taxi_rides
                     ^
; 692)
[2026-03-27T07:49:45.073+0000] {local_task_job_runner.py:234} INFO - Task exited with return code 1
[2026-03-27T07:49:45.098+0000] {taskinstance.py:3280} INFO - 0 downstream tasks scheduled from follow-on schedule check
