[2026-03-27T06:42:02.611+0000] {manager.py:469} INFO - Processing files using up to 2 processes at a time 
[2026-03-27T06:42:02.611+0000] {manager.py:470} INFO - Process each file at most once every 30 seconds
[2026-03-27T06:42:02.612+0000] {manager.py:471} INFO - Checking for new files in /opt/airflow/dags every 300 seconds
[2026-03-27T06:42:02.612+0000] {manager.py:738} INFO - Searching for files in /opt/airflow/dags
[2026-03-27T06:42:02.618+0000] {manager.py:741} INFO - There are 0 files in /opt/airflow/dags
[2026-03-27T06:47:02.816+0000] {manager.py:738} INFO - Searching for files in /opt/airflow/dags
[2026-03-27T06:47:02.817+0000] {manager.py:741} INFO - There are 0 files in /opt/airflow/dags
[2026-03-27T06:52:02.973+0000] {manager.py:738} INFO - Searching for files in /opt/airflow/dags
[2026-03-27T06:52:02.974+0000] {manager.py:741} INFO - There are 0 files in /opt/airflow/dags
[2026-03-27T06:57:03.161+0000] {manager.py:738} INFO - Searching for files in /opt/airflow/dags
[2026-03-27T06:57:03.162+0000] {manager.py:741} INFO - There are 1 files in /opt/airflow/dags
[2026-03-27T06:57:06.207+0000] {manager.py:879} INFO - 
================================================================================
DAG File Processing Stats

File Path                           PID    Runtime      # DAGs    # Errors  Last Runtime    Last Run
----------------------------------  -----  ---------  --------  ----------  --------------  -------------------
/opt/airflow/dags/taxi_pipeline.py                           0           1  0.04s           2026-03-27T06:57:03
================================================================================
[2026-03-27T06:57:36.346+0000] {manager.py:879} INFO - 
================================================================================
DAG File Processing Stats

File Path                           PID    Runtime      # DAGs    # Errors  Last Runtime    Last Run
----------------------------------  -----  ---------  --------  ----------  --------------  -------------------
/opt/airflow/dags/taxi_pipeline.py                           0           1  0.08s           2026-03-27T06:57:33
================================================================================
[2026-03-27T06:58:06.466+0000] {manager.py:879} INFO - 
================================================================================
DAG File Processing Stats

File Path                           PID    Runtime      # DAGs    # Errors  Last Runtime    Last Run
----------------------------------  -----  ---------  --------  ----------  --------------  -------------------
/opt/airflow/dags/taxi_pipeline.py                           0           1  0.04s           2026-03-27T06:58:03
================================================================================
[2026-03-27T06:58:36.599+0000] {manager.py:879} INFO - 
================================================================================
DAG File Processing Stats

File Path                           PID    Runtime      # DAGs    # Errors  Last Runtime    Last Run
----------------------------------  -----  ---------  --------  ----------  --------------  -------------------
/opt/airflow/dags/taxi_pipeline.py                           0           1  0.05s           2026-03-27T06:58:33
================================================================================
[2026-03-27T06:59:06.732+0000] {manager.py:879} INFO - 
================================================================================
DAG File Processing Stats

File Path                           PID    Runtime      # DAGs    # Errors  Last Runtime    Last Run
----------------------------------  -----  ---------  --------  ----------  --------------  -------------------
/opt/airflow/dags/taxi_pipeline.py                           0           1  0.04s           2026-03-27T06:59:03
================================================================================
[2026-03-27T06:59:36.862+0000] {manager.py:879} INFO - 
================================================================================
DAG File Processing Stats

File Path                           PID    Runtime      # DAGs    # Errors  Last Runtime    Last Run
----------------------------------  -----  ---------  --------  ----------  --------------  -------------------
/opt/airflow/dags/taxi_pipeline.py                           0           1  0.04s           2026-03-27T06:59:33
================================================================================
[2026-03-27T07:00:06.990+0000] {manager.py:879} INFO - 
================================================================================
DAG File Processing Stats

File Path                           PID    Runtime      # DAGs    # Errors  Last Runtime    Last Run
----------------------------------  -----  ---------  --------  ----------  --------------  -------------------
/opt/airflow/dags/taxi_pipeline.py                           0           1  0.06s           2026-03-27T07:00:04
================================================================================
[2026-03-27T07:00:37.117+0000] {manager.py:879} INFO - 
================================================================================
DAG File Processing Stats

File Path                           PID    Runtime      # DAGs    # Errors  Last Runtime    Last Run
----------------------------------  -----  ---------  --------  ----------  --------------  -------------------
/opt/airflow/dags/taxi_pipeline.py                           0           1  0.04s           2026-03-27T07:00:34
================================================================================
[2026-03-27T07:01:07.244+0000] {manager.py:879} INFO - 
================================================================================
DAG File Processing Stats

File Path                           PID    Runtime      # DAGs    # Errors  Last Runtime    Last Run
----------------------------------  -----  ---------  --------  ----------  --------------  -------------------
/opt/airflow/dags/taxi_pipeline.py                           0           1  0.05s           2026-03-27T07:01:04
================================================================================
[2026-03-27T07:01:37.376+0000] {manager.py:879} INFO - 
================================================================================
DAG File Processing Stats

File Path                           PID    Runtime      # DAGs    # Errors  Last Runtime    Last Run
----------------------------------  -----  ---------  --------  ----------  --------------  -------------------
/opt/airflow/dags/taxi_pipeline.py                           0           1  0.04s           2026-03-27T07:01:34
================================================================================
[2026-03-27T07:02:03.474+0000] {manager.py:738} INFO - Searching for files in /opt/airflow/dags
[2026-03-27T07:02:03.475+0000] {manager.py:741} INFO - There are 1 files in /opt/airflow/dags
[2026-03-27T07:02:07.517+0000] {manager.py:879} INFO - 
================================================================================
DAG File Processing Stats

File Path                           PID    Runtime      # DAGs    # Errors  Last Runtime    Last Run
----------------------------------  -----  ---------  --------  ----------  --------------  -------------------
/opt/airflow/dags/taxi_pipeline.py                           0           1  0.05s           2026-03-27T07:02:04
================================================================================
[2026-03-27T07:02:37.642+0000] {manager.py:879} INFO - 
================================================================================
DAG File Processing Stats

File Path                           PID    Runtime      # DAGs    # Errors  Last Runtime    Last Run
----------------------------------  -----  ---------  --------  ----------  --------------  -------------------
/opt/airflow/dags/taxi_pipeline.py                           0           1  0.04s           2026-03-27T07:02:34
================================================================================
[2026-03-27T07:03:07.789+0000] {manager.py:879} INFO - 
================================================================================
DAG File Processing Stats

File Path                           PID    Runtime      # DAGs    # Errors  Last Runtime    Last Run
----------------------------------  -----  ---------  --------  ----------  --------------  -------------------
/opt/airflow/dags/taxi_pipeline.py                           0           1  0.07s           2026-03-27T07:03:04
================================================================================
[2026-03-27T07:03:37.922+0000] {manager.py:879} INFO - 
================================================================================
DAG File Processing Stats

File Path                           PID    Runtime      # DAGs    # Errors  Last Runtime    Last Run
----------------------------------  -----  ---------  --------  ----------  --------------  -------------------
/opt/airflow/dags/taxi_pipeline.py                           0           1  0.05s           2026-03-27T07:03:34
================================================================================
[2026-03-27T07:04:08.061+0000] {manager.py:879} INFO - 
================================================================================
DAG File Processing Stats

File Path                           PID    Runtime      # DAGs    # Errors  Last Runtime    Last Run
----------------------------------  -----  ---------  --------  ----------  --------------  -------------------
/opt/airflow/dags/taxi_pipeline.py                           0           1  0.04s           2026-03-27T07:04:05
================================================================================
[2026-03-27T07:04:38.195+0000] {manager.py:879} INFO - 
================================================================================
DAG File Processing Stats

File Path                           PID    Runtime      # DAGs    # Errors  Last Runtime    Last Run
----------------------------------  -----  ---------  --------  ----------  --------------  -------------------
/opt/airflow/dags/taxi_pipeline.py                           0           1  0.04s           2026-03-27T07:04:35
================================================================================
[2026-03-27T07:05:08.332+0000] {manager.py:879} INFO - 
================================================================================
DAG File Processing Stats

File Path                           PID    Runtime      # DAGs    # Errors  Last Runtime    Last Run
----------------------------------  -----  ---------  --------  ----------  --------------  -------------------
/opt/airflow/dags/taxi_pipeline.py                           0           1  0.04s           2026-03-27T07:05:05
================================================================================
[2026-03-27T07:05:38.461+0000] {manager.py:879} INFO - 
================================================================================
DAG File Processing Stats

File Path                           PID    Runtime      # DAGs    # Errors  Last Runtime    Last Run
----------------------------------  -----  ---------  --------  ----------  --------------  -------------------
/opt/airflow/dags/taxi_pipeline.py                           0           1  0.05s           2026-03-27T07:05:35
================================================================================
[2026-03-27T07:06:08.606+0000] {manager.py:879} INFO - 
================================================================================
DAG File Processing Stats

File Path                           PID    Runtime      # DAGs    # Errors  Last Runtime    Last Run
----------------------------------  -----  ---------  --------  ----------  --------------  -------------------
/opt/airflow/dags/taxi_pipeline.py                           0           1  0.04s           2026-03-27T07:06:05
================================================================================
[2026-03-27T07:06:38.728+0000] {manager.py:879} INFO - 
================================================================================
DAG File Processing Stats

File Path                           PID    Runtime      # DAGs    # Errors  Last Runtime    Last Run
----------------------------------  -----  ---------  --------  ----------  --------------  -------------------
/opt/airflow/dags/taxi_pipeline.py                           0           1  0.05s           2026-03-27T07:06:35
================================================================================
[2026-03-27T07:07:03.825+0000] {manager.py:738} INFO - Searching for files in /opt/airflow/dags
[2026-03-27T07:07:03.826+0000] {manager.py:741} INFO - There are 1 files in /opt/airflow/dags
[2026-03-27T07:07:08.863+0000] {manager.py:879} INFO - 
================================================================================
DAG File Processing Stats

File Path                           PID    Runtime      # DAGs    # Errors  Last Runtime    Last Run
----------------------------------  -----  ---------  --------  ----------  --------------  -------------------
/opt/airflow/dags/taxi_pipeline.py                           0           1  0.04s           2026-03-27T07:07:05
================================================================================
[2026-03-27T07:07:38.983+0000] {manager.py:879} INFO - 
================================================================================
DAG File Processing Stats

File Path                           PID    Runtime      # DAGs    # Errors  Last Runtime    Last Run
----------------------------------  -----  ---------  --------  ----------  --------------  -------------------
/opt/airflow/dags/taxi_pipeline.py                           0           1  0.05s           2026-03-27T07:07:36
================================================================================
[2026-03-27T07:08:09.116+0000] {manager.py:879} INFO - 
================================================================================
DAG File Processing Stats

File Path                           PID    Runtime      # DAGs    # Errors  Last Runtime    Last Run
----------------------------------  -----  ---------  --------  ----------  --------------  -------------------
/opt/airflow/dags/taxi_pipeline.py                           0           1  0.04s           2026-03-27T07:08:06
================================================================================
[2026-03-27T07:08:39.256+0000] {manager.py:879} INFO - 
================================================================================
DAG File Processing Stats

File Path                           PID    Runtime      # DAGs    # Errors  Last Runtime    Last Run
----------------------------------  -----  ---------  --------  ----------  --------------  -------------------
/opt/airflow/dags/taxi_pipeline.py                           0           1  0.04s           2026-03-27T07:08:36
================================================================================
[2026-03-27T07:09:09.385+0000] {manager.py:879} INFO - 
================================================================================
DAG File Processing Stats

File Path                           PID    Runtime      # DAGs    # Errors  Last Runtime    Last Run
----------------------------------  -----  ---------  --------  ----------  --------------  -------------------
/opt/airflow/dags/taxi_pipeline.py                           0           1  0.04s           2026-03-27T07:09:06
================================================================================
[2026-03-27T07:09:39.517+0000] {manager.py:879} INFO - 
================================================================================
DAG File Processing Stats

File Path                           PID    Runtime      # DAGs    # Errors  Last Runtime    Last Run
----------------------------------  -----  ---------  --------  ----------  --------------  -------------------
/opt/airflow/dags/taxi_pipeline.py                           0           1  0.05s           2026-03-27T07:09:36
================================================================================
[2026-03-27T07:10:09.661+0000] {manager.py:879} INFO - 
================================================================================
DAG File Processing Stats

File Path                           PID    Runtime      # DAGs    # Errors  Last Runtime    Last Run
----------------------------------  -----  ---------  --------  ----------  --------------  -------------------
/opt/airflow/dags/taxi_pipeline.py                           0           1  0.04s           2026-03-27T07:10:06
================================================================================
[2026-03-27T07:10:39.784+0000] {manager.py:879} INFO - 
================================================================================
DAG File Processing Stats

File Path                           PID    Runtime      # DAGs    # Errors  Last Runtime    Last Run
----------------------------------  -----  ---------  --------  ----------  --------------  -------------------
/opt/airflow/dags/taxi_pipeline.py                           0           1  0.04s           2026-03-27T07:10:36
================================================================================
[2026-03-27T07:11:09.929+0000] {manager.py:879} INFO - 
================================================================================
DAG File Processing Stats

File Path                           PID    Runtime      # DAGs    # Errors  Last Runtime    Last Run
----------------------------------  -----  ---------  --------  ----------  --------------  -------------------
/opt/airflow/dags/taxi_pipeline.py                           0           1  0.04s           2026-03-27T07:11:06
================================================================================
[2026-03-27T07:11:40.058+0000] {manager.py:879} INFO - 
================================================================================
DAG File Processing Stats

File Path                           PID    Runtime      # DAGs    # Errors  Last Runtime    Last Run
----------------------------------  -----  ---------  --------  ----------  --------------  -------------------
/opt/airflow/dags/taxi_pipeline.py                           0           1  0.04s           2026-03-27T07:11:37
================================================================================
[2026-03-27T07:12:04.154+0000] {manager.py:738} INFO - Searching for files in /opt/airflow/dags
[2026-03-27T07:12:04.155+0000] {manager.py:741} INFO - There are 1 files in /opt/airflow/dags
[2026-03-27T07:12:10.203+0000] {manager.py:879} INFO - 
================================================================================
DAG File Processing Stats

File Path                           PID    Runtime      # DAGs    # Errors  Last Runtime    Last Run
----------------------------------  -----  ---------  --------  ----------  --------------  -------------------
/opt/airflow/dags/taxi_pipeline.py                           0           1  0.05s           2026-03-27T07:12:07
================================================================================
[2026-03-27T07:12:40.327+0000] {manager.py:879} INFO - 
================================================================================
DAG File Processing Stats

File Path                           PID    Runtime      # DAGs    # Errors  Last Runtime    Last Run
----------------------------------  -----  ---------  --------  ----------  --------------  -------------------
/opt/airflow/dags/taxi_pipeline.py                           1           0  0.34s           2026-03-27T07:12:25
================================================================================
[2026-03-27T07:13:10.760+0000] {manager.py:879} INFO - 
================================================================================
DAG File Processing Stats

File Path                           PID    Runtime      # DAGs    # Errors  Last Runtime    Last Run
----------------------------------  -----  ---------  --------  ----------  --------------  -------------------
/opt/airflow/dags/taxi_pipeline.py                           1           0  0.10s           2026-03-27T07:12:55
================================================================================
[2026-03-27T07:13:40.945+0000] {manager.py:879} INFO - 
================================================================================
DAG File Processing Stats

File Path                           PID    Runtime      # DAGs    # Errors  Last Runtime    Last Run
----------------------------------  -----  ---------  --------  ----------  --------------  -------------------
/opt/airflow/dags/taxi_pipeline.py                           1           0  0.09s           2026-03-27T07:13:25
================================================================================
[2026-03-27T07:14:11.070+0000] {manager.py:879} INFO - 
================================================================================
DAG File Processing Stats

File Path                           PID    Runtime      # DAGs    # Errors  Last Runtime    Last Run
----------------------------------  -----  ---------  --------  ----------  --------------  -------------------
/opt/airflow/dags/taxi_pipeline.py                           1           0  0.09s           2026-03-27T07:13:56
================================================================================
[2026-03-27T07:14:41.263+0000] {manager.py:879} INFO - 
================================================================================
DAG File Processing Stats

File Path                           PID    Runtime      # DAGs    # Errors  Last Runtime    Last Run
----------------------------------  -----  ---------  --------  ----------  --------------  -------------------
/opt/airflow/dags/taxi_pipeline.py                           1           0  0.09s           2026-03-27T07:14:26
================================================================================
[2026-03-27T07:15:11.389+0000] {manager.py:879} INFO - 
================================================================================
DAG File Processing Stats

File Path                           PID    Runtime      # DAGs    # Errors  Last Runtime    Last Run
----------------------------------  -----  ---------  --------  ----------  --------------  -------------------
/opt/airflow/dags/taxi_pipeline.py                           1           0  0.16s           2026-03-27T07:14:56
================================================================================
[2026-03-27T07:15:41.632+0000] {manager.py:879} INFO - 
================================================================================
DAG File Processing Stats

File Path                           PID    Runtime      # DAGs    # Errors  Last Runtime    Last Run
----------------------------------  -----  ---------  --------  ----------  --------------  -------------------
/opt/airflow/dags/taxi_pipeline.py                           1           0  0.09s           2026-03-27T07:15:26
================================================================================
[2026-03-27T07:16:11.803+0000] {manager.py:879} INFO - 
================================================================================
DAG File Processing Stats

File Path                           PID    Runtime      # DAGs    # Errors  Last Runtime    Last Run
----------------------------------  -----  ---------  --------  ----------  --------------  -------------------
/opt/airflow/dags/taxi_pipeline.py                           1           0  0.09s           2026-03-27T07:15:56
================================================================================
[2026-03-27T07:16:41.927+0000] {manager.py:879} INFO - 
================================================================================
DAG File Processing Stats

File Path                           PID    Runtime      # DAGs    # Errors  Last Runtime    Last Run
----------------------------------  -----  ---------  --------  ----------  --------------  -------------------
/opt/airflow/dags/taxi_pipeline.py                           1           0  0.09s           2026-03-27T07:16:26
================================================================================
[2026-03-27T07:17:05.070+0000] {manager.py:738} INFO - Searching for files in /opt/airflow/dags
[2026-03-27T07:17:05.071+0000] {manager.py:741} INFO - There are 1 files in /opt/airflow/dags
[2026-03-27T07:17:12.108+0000] {manager.py:879} INFO - 
================================================================================
DAG File Processing Stats

File Path                           PID    Runtime      # DAGs    # Errors  Last Runtime    Last Run
----------------------------------  -----  ---------  --------  ----------  --------------  -------------------
/opt/airflow/dags/taxi_pipeline.py                           1           0  0.09s           2026-03-27T07:16:57
================================================================================
[2026-03-27T07:17:42.228+0000] {manager.py:879} INFO - 
================================================================================
DAG File Processing Stats

File Path                           PID    Runtime      # DAGs    # Errors  Last Runtime    Last Run
----------------------------------  -----  ---------  --------  ----------  --------------  -------------------
/opt/airflow/dags/taxi_pipeline.py                           1           0  0.09s           2026-03-27T07:17:27
================================================================================
[2026-03-27T07:18:12.393+0000] {manager.py:879} INFO - 
================================================================================
DAG File Processing Stats

File Path                           PID    Runtime      # DAGs    # Errors  Last Runtime    Last Run
----------------------------------  -----  ---------  --------  ----------  --------------  -------------------
/opt/airflow/dags/taxi_pipeline.py                           1           0  0.09s           2026-03-27T07:17:57
================================================================================
[2026-03-27T07:18:42.519+0000] {manager.py:879} INFO - 
================================================================================
DAG File Processing Stats

File Path                           PID    Runtime      # DAGs    # Errors  Last Runtime    Last Run
----------------------------------  -----  ---------  --------  ----------  --------------  -------------------
/opt/airflow/dags/taxi_pipeline.py                           1           0  0.10s           2026-03-27T07:18:27
================================================================================
[2026-03-27T07:19:12.690+0000] {manager.py:879} INFO - 
================================================================================
DAG File Processing Stats

File Path                           PID    Runtime      # DAGs    # Errors  Last Runtime    Last Run
----------------------------------  -----  ---------  --------  ----------  --------------  -------------------
/opt/airflow/dags/taxi_pipeline.py                           1           0  0.09s           2026-03-27T07:18:57
================================================================================
[2026-03-27T07:19:42.827+0000] {manager.py:879} INFO - 
================================================================================
DAG File Processing Stats

File Path                           PID    Runtime      # DAGs    # Errors  Last Runtime    Last Run
----------------------------------  -----  ---------  --------  ----------  --------------  -------------------
/opt/airflow/dags/taxi_pipeline.py                           1           0  0.11s           2026-03-27T07:19:27
================================================================================
[2026-03-27T07:20:13.025+0000] {manager.py:879} INFO - 
================================================================================
DAG File Processing Stats

File Path                           PID    Runtime      # DAGs    # Errors  Last Runtime    Last Run
----------------------------------  -----  ---------  --------  ----------  --------------  -------------------
/opt/airflow/dags/taxi_pipeline.py                           1           0  0.09s           2026-03-27T07:19:57
================================================================================
[2026-03-27T07:20:43.159+0000] {manager.py:879} INFO - 
================================================================================
DAG File Processing Stats

File Path                           PID    Runtime      # DAGs    # Errors  Last Runtime    Last Run
----------------------------------  -----  ---------  --------  ----------  --------------  -------------------
/opt/airflow/dags/taxi_pipeline.py                           1           0  0.10s           2026-03-27T07:20:28
================================================================================
[2026-03-27T07:21:13.332+0000] {manager.py:879} INFO - 
================================================================================
DAG File Processing Stats

File Path                           PID    Runtime      # DAGs    # Errors  Last Runtime    Last Run
----------------------------------  -----  ---------  --------  ----------  --------------  -------------------
/opt/airflow/dags/taxi_pipeline.py                           1           0  0.10s           2026-03-27T07:20:58
================================================================================
[2026-03-27T07:21:43.459+0000] {manager.py:879} INFO - 
================================================================================
DAG File Processing Stats

File Path                           PID    Runtime      # DAGs    # Errors  Last Runtime    Last Run
----------------------------------  -----  ---------  --------  ----------  --------------  -------------------
/opt/airflow/dags/taxi_pipeline.py                           1           0  0.15s           2026-03-27T07:21:28
================================================================================
[2026-03-27T07:22:05.674+0000] {manager.py:738} INFO - Searching for files in /opt/airflow/dags
[2026-03-27T07:22:05.675+0000] {manager.py:741} INFO - There are 1 files in /opt/airflow/dags
[2026-03-27T07:22:13.713+0000] {manager.py:879} INFO - 
================================================================================
DAG File Processing Stats

File Path                           PID    Runtime      # DAGs    # Errors  Last Runtime    Last Run
----------------------------------  -----  ---------  --------  ----------  --------------  -------------------
/opt/airflow/dags/taxi_pipeline.py                           1           0  0.13s           2026-03-27T07:21:58
================================================================================
[2026-03-27T07:22:43.931+0000] {manager.py:879} INFO - 
================================================================================
DAG File Processing Stats

File Path                           PID    Runtime      # DAGs    # Errors  Last Runtime    Last Run
----------------------------------  -----  ---------  --------  ----------  --------------  -------------------
/opt/airflow/dags/taxi_pipeline.py                           1           0  0.10s           2026-03-27T07:22:28
================================================================================
[2026-03-27T07:23:14.147+0000] {manager.py:879} INFO - 
================================================================================
DAG File Processing Stats

File Path                           PID    Runtime      # DAGs    # Errors  Last Runtime    Last Run
----------------------------------  -----  ---------  --------  ----------  --------------  -------------------
/opt/airflow/dags/taxi_pipeline.py                           1           0  0.11s           2026-03-27T07:22:59
================================================================================
[2026-03-27T07:23:44.269+0000] {manager.py:879} INFO - 
================================================================================
DAG File Processing Stats

File Path                           PID    Runtime      # DAGs    # Errors  Last Runtime    Last Run
----------------------------------  -----  ---------  --------  ----------  --------------  -------------------
/opt/airflow/dags/taxi_pipeline.py                           1           0  0.09s           2026-03-27T07:23:29
================================================================================
[2026-03-27T07:24:14.447+0000] {manager.py:879} INFO - 
================================================================================
DAG File Processing Stats

File Path                           PID    Runtime      # DAGs    # Errors  Last Runtime    Last Run
----------------------------------  -----  ---------  --------  ----------  --------------  -------------------
/opt/airflow/dags/taxi_pipeline.py                           1           0  0.11s           2026-03-27T07:23:59
================================================================================
[2026-03-27T07:24:44.574+0000] {manager.py:879} INFO - 
================================================================================
DAG File Processing Stats

File Path                           PID    Runtime      # DAGs    # Errors  Last Runtime    Last Run
----------------------------------  -----  ---------  --------  ----------  --------------  -------------------
/opt/airflow/dags/taxi_pipeline.py                           1           0  0.09s           2026-03-27T07:24:29
================================================================================
[2026-03-27T07:25:14.749+0000] {manager.py:879} INFO - 
================================================================================
DAG File Processing Stats

File Path                           PID    Runtime      # DAGs    # Errors  Last Runtime    Last Run
----------------------------------  -----  ---------  --------  ----------  --------------  -------------------
/opt/airflow/dags/taxi_pipeline.py                           1           0  0.10s           2026-03-27T07:24:59
================================================================================
[2026-03-27T07:25:44.871+0000] {manager.py:879} INFO - 
================================================================================
DAG File Processing Stats

File Path                           PID    Runtime      # DAGs    # Errors  Last Runtime    Last Run
----------------------------------  -----  ---------  --------  ----------  --------------  -------------------
/opt/airflow/dags/taxi_pipeline.py                           1           0  0.09s           2026-03-27T07:25:29
================================================================================
[2026-03-27T07:26:15.054+0000] {manager.py:879} INFO - 
================================================================================
DAG File Processing Stats

File Path                           PID    Runtime      # DAGs    # Errors  Last Runtime    Last Run
----------------------------------  -----  ---------  --------  ----------  --------------  -------------------
/opt/airflow/dags/taxi_pipeline.py                           1           0  0.10s           2026-03-27T07:26:00
================================================================================
[2026-03-27T07:26:45.179+0000] {manager.py:879} INFO - 
================================================================================
DAG File Processing Stats

File Path                           PID    Runtime      # DAGs    # Errors  Last Runtime    Last Run
----------------------------------  -----  ---------  --------  ----------  --------------  -------------------
/opt/airflow/dags/taxi_pipeline.py                           1           0  0.09s           2026-03-27T07:26:30
================================================================================
[2026-03-27T07:27:06.330+0000] {manager.py:738} INFO - Searching for files in /opt/airflow/dags
[2026-03-27T07:27:06.331+0000] {manager.py:741} INFO - There are 1 files in /opt/airflow/dags
[2026-03-27T07:27:15.371+0000] {manager.py:879} INFO - 
================================================================================
DAG File Processing Stats

File Path                           PID    Runtime      # DAGs    # Errors  Last Runtime    Last Run
----------------------------------  -----  ---------  --------  ----------  --------------  -------------------
/opt/airflow/dags/taxi_pipeline.py                           1           0  0.14s           2026-03-27T07:27:00
================================================================================
[2026-03-27T07:27:45.520+0000] {manager.py:879} INFO - 
================================================================================
DAG File Processing Stats

File Path                           PID    Runtime      # DAGs    # Errors  Last Runtime    Last Run
----------------------------------  -----  ---------  --------  ----------  --------------  -------------------
/opt/airflow/dags/taxi_pipeline.py                           1           0  0.14s           2026-03-27T07:27:30
================================================================================
[2026-03-27T07:28:15.720+0000] {manager.py:879} INFO - 
================================================================================
DAG File Processing Stats

File Path                           PID    Runtime      # DAGs    # Errors  Last Runtime    Last Run
----------------------------------  -----  ---------  --------  ----------  --------------  -------------------
/opt/airflow/dags/taxi_pipeline.py                           1           0  0.10s           2026-03-27T07:28:00
================================================================================
[2026-03-27T07:28:45.849+0000] {manager.py:879} INFO - 
================================================================================
DAG File Processing Stats

File Path                           PID    Runtime      # DAGs    # Errors  Last Runtime    Last Run
----------------------------------  -----  ---------  --------  ----------  --------------  -------------------
/opt/airflow/dags/taxi_pipeline.py                           1           0  0.10s           2026-03-27T07:28:30
================================================================================
[2026-03-27T07:29:16.046+0000] {manager.py:879} INFO - 
================================================================================
DAG File Processing Stats

File Path                           PID    Runtime      # DAGs    # Errors  Last Runtime    Last Run
----------------------------------  -----  ---------  --------  ----------  --------------  -------------------
/opt/airflow/dags/taxi_pipeline.py                           1           0  0.10s           2026-03-27T07:29:01
================================================================================
[2026-03-27T07:29:46.181+0000] {manager.py:879} INFO - 
================================================================================
DAG File Processing Stats

File Path                           PID    Runtime      # DAGs    # Errors  Last Runtime    Last Run
----------------------------------  -----  ---------  --------  ----------  --------------  -------------------
/opt/airflow/dags/taxi_pipeline.py                           1           0  0.10s           2026-03-27T07:29:31
================================================================================
[2026-03-27T07:30:16.354+0000] {manager.py:879} INFO - 
================================================================================
DAG File Processing Stats

File Path                           PID    Runtime      # DAGs    # Errors  Last Runtime    Last Run
----------------------------------  -----  ---------  --------  ----------  --------------  -------------------
/opt/airflow/dags/taxi_pipeline.py                           1           0  0.11s           2026-03-27T07:30:01
================================================================================
[2026-03-27T07:30:46.501+0000] {manager.py:879} INFO - 
================================================================================
DAG File Processing Stats

File Path                           PID    Runtime      # DAGs    # Errors  Last Runtime    Last Run
----------------------------------  -----  ---------  --------  ----------  --------------  -------------------
/opt/airflow/dags/taxi_pipeline.py                           1           0  0.10s           2026-03-27T07:30:31
================================================================================
[2026-03-27T07:31:16.667+0000] {manager.py:879} INFO - 
================================================================================
DAG File Processing Stats

File Path                           PID    Runtime      # DAGs    # Errors  Last Runtime    Last Run
----------------------------------  -----  ---------  --------  ----------  --------------  -------------------
/opt/airflow/dags/taxi_pipeline.py                           1           0  0.10s           2026-03-27T07:31:01
================================================================================
[2026-03-27T07:31:46.794+0000] {manager.py:879} INFO - 
================================================================================
DAG File Processing Stats

File Path                           PID    Runtime      # DAGs    # Errors  Last Runtime    Last Run
----------------------------------  -----  ---------  --------  ----------  --------------  -------------------
/opt/airflow/dags/taxi_pipeline.py                           1           0  0.10s           2026-03-27T07:31:31
================================================================================
[2026-03-27T07:32:06.945+0000] {manager.py:738} INFO - Searching for files in /opt/airflow/dags
[2026-03-27T07:32:06.946+0000] {manager.py:741} INFO - There are 1 files in /opt/airflow/dags
[2026-03-27T07:32:16.997+0000] {manager.py:879} INFO - 
================================================================================
DAG File Processing Stats

File Path                           PID    Runtime      # DAGs    # Errors  Last Runtime    Last Run
----------------------------------  -----  ---------  --------  ----------  --------------  -------------------
/opt/airflow/dags/taxi_pipeline.py                           1           0  0.11s           2026-03-27T07:32:01
================================================================================
[2026-03-27T07:32:47.115+0000] {manager.py:879} INFO - 
================================================================================
DAG File Processing Stats

File Path                           PID    Runtime      # DAGs    # Errors  Last Runtime    Last Run
----------------------------------  -----  ---------  --------  ----------  --------------  -------------------
/opt/airflow/dags/taxi_pipeline.py                           1           0  0.09s           2026-03-27T07:32:32
================================================================================
[2026-03-27T07:33:17.288+0000] {manager.py:879} INFO - 
================================================================================
DAG File Processing Stats

File Path                           PID    Runtime      # DAGs    # Errors  Last Runtime    Last Run
----------------------------------  -----  ---------  --------  ----------  --------------  -------------------
/opt/airflow/dags/taxi_pipeline.py                           1           0  0.10s           2026-03-27T07:33:02
================================================================================
[2026-03-27T07:33:47.428+0000] {manager.py:879} INFO - 
================================================================================
DAG File Processing Stats

File Path                           PID    Runtime      # DAGs    # Errors  Last Runtime    Last Run
----------------------------------  -----  ---------  --------  ----------  --------------  -------------------
/opt/airflow/dags/taxi_pipeline.py                           1           0  0.12s           2026-03-27T07:33:32
================================================================================
[2026-03-27T07:34:17.630+0000] {manager.py:879} INFO - 
================================================================================
DAG File Processing Stats

File Path                           PID    Runtime      # DAGs    # Errors  Last Runtime    Last Run
----------------------------------  -----  ---------  --------  ----------  --------------  -------------------
/opt/airflow/dags/taxi_pipeline.py                           1           0  0.09s           2026-03-27T07:34:02
================================================================================
[2026-03-27T07:34:47.765+0000] {manager.py:879} INFO - 
================================================================================
DAG File Processing Stats

File Path                           PID    Runtime      # DAGs    # Errors  Last Runtime    Last Run
----------------------------------  -----  ---------  --------  ----------  --------------  -------------------
/opt/airflow/dags/taxi_pipeline.py                           1           0  0.10s           2026-03-27T07:34:32
================================================================================
[2026-03-27T07:35:17.932+0000] {manager.py:879} INFO - 
================================================================================
DAG File Processing Stats

File Path                           PID    Runtime      # DAGs    # Errors  Last Runtime    Last Run
----------------------------------  -----  ---------  --------  ----------  --------------  -------------------
/opt/airflow/dags/taxi_pipeline.py                           1           0  0.12s           2026-03-27T07:35:02
================================================================================
[2026-03-27T07:35:48.083+0000] {manager.py:879} INFO - 
================================================================================
DAG File Processing Stats

File Path                           PID    Runtime      # DAGs    # Errors  Last Runtime    Last Run
----------------------------------  -----  ---------  --------  ----------  --------------  -------------------
/opt/airflow/dags/taxi_pipeline.py                           1           0  0.11s           2026-03-27T07:35:33
================================================================================
[2026-03-27T07:36:18.251+0000] {manager.py:879} INFO - 
================================================================================
DAG File Processing Stats

File Path                           PID    Runtime      # DAGs    # Errors  Last Runtime    Last Run
----------------------------------  -----  ---------  --------  ----------  --------------  -------------------
/opt/airflow/dags/taxi_pipeline.py                           1           0  0.10s           2026-03-27T07:36:03
================================================================================
[2026-03-27T07:36:48.374+0000] {manager.py:879} INFO - 
================================================================================
DAG File Processing Stats

File Path                           PID    Runtime      # DAGs    # Errors  Last Runtime    Last Run
----------------------------------  -----  ---------  --------  ----------  --------------  -------------------
/opt/airflow/dags/taxi_pipeline.py                           1           0  0.09s           2026-03-27T07:36:33
================================================================================
[2026-03-27T07:37:07.512+0000] {manager.py:738} INFO - Searching for files in /opt/airflow/dags
[2026-03-27T07:37:07.514+0000] {manager.py:741} INFO - There are 1 files in /opt/airflow/dags
[2026-03-27T07:37:18.565+0000] {manager.py:879} INFO - 
================================================================================
DAG File Processing Stats

File Path                           PID    Runtime      # DAGs    # Errors  Last Runtime    Last Run
----------------------------------  -----  ---------  --------  ----------  --------------  -------------------
/opt/airflow/dags/taxi_pipeline.py                           1           0  0.10s           2026-03-27T07:37:03
================================================================================
[2026-03-27T07:37:48.699+0000] {manager.py:879} INFO - 
================================================================================
DAG File Processing Stats

File Path                           PID    Runtime      # DAGs    # Errors  Last Runtime    Last Run
----------------------------------  -----  ---------  --------  ----------  --------------  -------------------
/opt/airflow/dags/taxi_pipeline.py                           1           0  0.10s           2026-03-27T07:37:33
================================================================================
[2026-03-27T07:38:18.883+0000] {manager.py:879} INFO - 
================================================================================
DAG File Processing Stats

File Path                           PID    Runtime      # DAGs    # Errors  Last Runtime    Last Run
----------------------------------  -----  ---------  --------  ----------  --------------  -------------------
/opt/airflow/dags/taxi_pipeline.py                           1           0  0.10s           2026-03-27T07:38:03
================================================================================
[2026-03-27T07:38:49.005+0000] {manager.py:879} INFO - 
================================================================================
DAG File Processing Stats

File Path                           PID    Runtime      # DAGs    # Errors  Last Runtime    Last Run
----------------------------------  -----  ---------  --------  ----------  --------------  -------------------
/opt/airflow/dags/taxi_pipeline.py                           1           0  0.09s           2026-03-27T07:38:34
================================================================================
[2026-03-27T07:39:19.225+0000] {manager.py:879} INFO - 
================================================================================
DAG File Processing Stats

File Path                           PID    Runtime      # DAGs    # Errors  Last Runtime    Last Run
----------------------------------  -----  ---------  --------  ----------  --------------  -------------------
/opt/airflow/dags/taxi_pipeline.py                           1           0  0.18s           2026-03-27T07:39:04
================================================================================
[2026-03-27T07:39:49.407+0000] {manager.py:879} INFO - 
================================================================================
DAG File Processing Stats

File Path                           PID    Runtime      # DAGs    # Errors  Last Runtime    Last Run
----------------------------------  -----  ---------  --------  ----------  --------------  -------------------
/opt/airflow/dags/taxi_pipeline.py                           1           0  0.14s           2026-03-27T07:39:34
================================================================================
[2026-03-27T07:40:19.580+0000] {manager.py:879} INFO - 
================================================================================
DAG File Processing Stats

File Path                           PID    Runtime      # DAGs    # Errors  Last Runtime    Last Run
----------------------------------  -----  ---------  --------  ----------  --------------  -------------------
/opt/airflow/dags/taxi_pipeline.py                           1           0  0.10s           2026-03-27T07:40:04
================================================================================
[2026-03-27T07:40:49.708+0000] {manager.py:879} INFO - 
================================================================================
DAG File Processing Stats

File Path                           PID    Runtime      # DAGs    # Errors  Last Runtime    Last Run
----------------------------------  -----  ---------  --------  ----------  --------------  -------------------
/opt/airflow/dags/taxi_pipeline.py                           1           0  0.10s           2026-03-27T07:40:34
================================================================================
[2026-03-27T07:41:19.876+0000] {manager.py:879} INFO - 
================================================================================
DAG File Processing Stats

File Path                           PID    Runtime      # DAGs    # Errors  Last Runtime    Last Run
----------------------------------  -----  ---------  --------  ----------  --------------  -------------------
/opt/airflow/dags/taxi_pipeline.py                           1           0  0.10s           2026-03-27T07:41:04
================================================================================
[2026-03-27T07:41:50.007+0000] {manager.py:879} INFO - 
================================================================================
DAG File Processing Stats

File Path                           PID    Runtime      # DAGs    # Errors  Last Runtime    Last Run
----------------------------------  -----  ---------  --------  ----------  --------------  -------------------
/opt/airflow/dags/taxi_pipeline.py                           1           0  0.09s           2026-03-27T07:41:35
================================================================================
[2026-03-27T07:42:08.121+0000] {manager.py:738} INFO - Searching for files in /opt/airflow/dags
[2026-03-27T07:42:08.123+0000] {manager.py:741} INFO - There are 1 files in /opt/airflow/dags
[2026-03-27T07:42:20.181+0000] {manager.py:879} INFO - 
================================================================================
DAG File Processing Stats

File Path                           PID    Runtime      # DAGs    # Errors  Last Runtime    Last Run
----------------------------------  -----  ---------  --------  ----------  --------------  -------------------
/opt/airflow/dags/taxi_pipeline.py                           1           0  0.10s           2026-03-27T07:42:05
================================================================================
[2026-03-27T07:42:50.315+0000] {manager.py:879} INFO - 
================================================================================
DAG File Processing Stats

File Path                           PID    Runtime      # DAGs    # Errors  Last Runtime    Last Run
----------------------------------  -----  ---------  --------  ----------  --------------  -------------------
/opt/airflow/dags/taxi_pipeline.py                           1           0  0.10s           2026-03-27T07:42:35
================================================================================
[2026-03-27T07:43:20.488+0000] {manager.py:879} INFO - 
================================================================================
DAG File Processing Stats

File Path                           PID    Runtime      # DAGs    # Errors  Last Runtime    Last Run
----------------------------------  -----  ---------  --------  ----------  --------------  -------------------
/opt/airflow/dags/taxi_pipeline.py                           1           0  0.10s           2026-03-27T07:43:05
================================================================================
[2026-03-27T07:43:50.607+0000] {manager.py:879} INFO - 
================================================================================
DAG File Processing Stats

File Path                           PID    Runtime      # DAGs    # Errors  Last Runtime    Last Run
----------------------------------  -----  ---------  --------  ----------  --------------  -------------------
/opt/airflow/dags/taxi_pipeline.py                           1           0  0.09s           2026-03-27T07:43:35
================================================================================
[2026-03-27T07:44:20.784+0000] {manager.py:879} INFO - 
================================================================================
DAG File Processing Stats

File Path                           PID    Runtime      # DAGs    # Errors  Last Runtime    Last Run
----------------------------------  -----  ---------  --------  ----------  --------------  -------------------
/opt/airflow/dags/taxi_pipeline.py                           1           0  0.10s           2026-03-27T07:44:05
================================================================================
[2026-03-27T07:44:50.930+0000] {manager.py:879} INFO - 
================================================================================
DAG File Processing Stats

File Path                           PID    Runtime      # DAGs    # Errors  Last Runtime    Last Run
----------------------------------  -----  ---------  --------  ----------  --------------  -------------------
/opt/airflow/dags/taxi_pipeline.py                           1           0  0.10s           2026-03-27T07:44:35
================================================================================
[2026-03-27T07:45:21.110+0000] {manager.py:879} INFO - 
================================================================================
DAG File Processing Stats

File Path                           PID    Runtime      # DAGs    # Errors  Last Runtime    Last Run
----------------------------------  -----  ---------  --------  ----------  --------------  -------------------
/opt/airflow/dags/taxi_pipeline.py                           1           0  0.14s           2026-03-27T07:45:06
================================================================================
[2026-03-27T07:45:51.304+0000] {manager.py:879} INFO - 
================================================================================
DAG File Processing Stats

File Path                           PID    Runtime      # DAGs    # Errors  Last Runtime    Last Run
----------------------------------  -----  ---------  --------  ----------  --------------  -------------------
/opt/airflow/dags/taxi_pipeline.py                           1           0  0.08s           2026-03-27T07:45:36
================================================================================
[2026-03-27T07:46:21.464+0000] {manager.py:879} INFO - 
================================================================================
DAG File Processing Stats

File Path                           PID    Runtime      # DAGs    # Errors  Last Runtime    Last Run
----------------------------------  -----  ---------  --------  ----------  --------------  -------------------
/opt/airflow/dags/taxi_pipeline.py                           1           0  0.23s           2026-03-27T07:46:06
================================================================================
[2026-03-27T07:46:51.768+0000] {manager.py:879} INFO - 
================================================================================
DAG File Processing Stats

File Path                           PID    Runtime      # DAGs    # Errors  Last Runtime    Last Run
----------------------------------  -----  ---------  --------  ----------  --------------  -------------------
/opt/airflow/dags/taxi_pipeline.py                           1           0  0.12s           2026-03-27T07:46:36
================================================================================
[2026-03-27T07:47:08.915+0000] {manager.py:738} INFO - Searching for files in /opt/airflow/dags
[2026-03-27T07:47:08.918+0000] {manager.py:741} INFO - There are 1 files in /opt/airflow/dags
[2026-03-27T07:47:21.982+0000] {manager.py:879} INFO - 
================================================================================
DAG File Processing Stats

File Path                           PID    Runtime      # DAGs    # Errors  Last Runtime    Last Run
----------------------------------  -----  ---------  --------  ----------  --------------  -------------------
/opt/airflow/dags/taxi_pipeline.py                           1           0  0.10s           2026-03-27T07:47:06
================================================================================
[2026-03-27T07:47:52.121+0000] {manager.py:879} INFO - 
================================================================================
DAG File Processing Stats

File Path                           PID    Runtime      # DAGs    # Errors  Last Runtime    Last Run
----------------------------------  -----  ---------  --------  ----------  --------------  -------------------
/opt/airflow/dags/taxi_pipeline.py                           1           0  0.09s           2026-03-27T07:47:37
================================================================================
[2026-03-27T07:48:22.295+0000] {manager.py:879} INFO - 
================================================================================
DAG File Processing Stats

File Path                           PID    Runtime      # DAGs    # Errors  Last Runtime    Last Run
----------------------------------  -----  ---------  --------  ----------  --------------  -------------------
/opt/airflow/dags/taxi_pipeline.py                           1           0  0.10s           2026-03-27T07:48:07
================================================================================
[2026-03-27T07:48:52.420+0000] {manager.py:879} INFO - 
================================================================================
DAG File Processing Stats

File Path                           PID    Runtime      # DAGs    # Errors  Last Runtime    Last Run
----------------------------------  -----  ---------  --------  ----------  --------------  -------------------
/opt/airflow/dags/taxi_pipeline.py                           1           0  0.09s           2026-03-27T07:48:37
================================================================================
[2026-03-27T07:49:22.589+0000] {manager.py:879} INFO - 
================================================================================
DAG File Processing Stats

File Path                           PID    Runtime      # DAGs    # Errors  Last Runtime    Last Run
----------------------------------  -----  ---------  --------  ----------  --------------  -------------------
/opt/airflow/dags/taxi_pipeline.py                           1           0  0.09s           2026-03-27T07:49:07
================================================================================
[2026-03-27T07:49:52.753+0000] {manager.py:879} INFO - 
================================================================================
DAG File Processing Stats

File Path                           PID    Runtime      # DAGs    # Errors  Last Runtime    Last Run
----------------------------------  -----  ---------  --------  ----------  --------------  -------------------
/opt/airflow/dags/taxi_pipeline.py                           1           0  0.11s           2026-03-27T07:49:37
================================================================================
[2026-03-27T07:50:22.917+0000] {manager.py:879} INFO - 
================================================================================
DAG File Processing Stats

File Path                           PID    Runtime      # DAGs    # Errors  Last Runtime    Last Run
----------------------------------  -----  ---------  --------  ----------  --------------  -------------------
/opt/airflow/dags/taxi_pipeline.py                           1           0  0.10s           2026-03-27T07:50:07
================================================================================
[2026-03-27T07:50:53.046+0000] {manager.py:879} INFO - 
================================================================================
DAG File Processing Stats

File Path                           PID    Runtime      # DAGs    # Errors  Last Runtime    Last Run
----------------------------------  -----  ---------  --------  ----------  --------------  -------------------
/opt/airflow/dags/taxi_pipeline.py                           1           0  0.09s           2026-03-27T07:50:38
================================================================================
[2026-03-27T07:51:23.212+0000] {manager.py:879} INFO - 
================================================================================
DAG File Processing Stats

File Path                           PID    Runtime      # DAGs    # Errors  Last Runtime    Last Run
----------------------------------  -----  ---------  --------  ----------  --------------  -------------------
/opt/airflow/dags/taxi_pipeline.py                           1           0  0.09s           2026-03-27T07:51:08
================================================================================
[2026-03-27T07:51:53.346+0000] {manager.py:879} INFO - 
================================================================================
DAG File Processing Stats

File Path                           PID    Runtime      # DAGs    # Errors  Last Runtime    Last Run
----------------------------------  -----  ---------  --------  ----------  --------------  -------------------
/opt/airflow/dags/taxi_pipeline.py                           1           0  0.10s           2026-03-27T07:51:38
================================================================================
[2026-03-27T07:52:09.467+0000] {manager.py:738} INFO - Searching for files in /opt/airflow/dags
[2026-03-27T07:52:09.470+0000] {manager.py:741} INFO - There are 1 files in /opt/airflow/dags
[2026-03-27T07:52:23.534+0000] {manager.py:879} INFO - 
================================================================================
DAG File Processing Stats

File Path                           PID    Runtime      # DAGs    # Errors  Last Runtime    Last Run
----------------------------------  -----  ---------  --------  ----------  --------------  -------------------
/opt/airflow/dags/taxi_pipeline.py                           1           0  0.10s           2026-03-27T07:52:08
================================================================================
[2026-03-27T07:52:53.663+0000] {manager.py:879} INFO - 
================================================================================
DAG File Processing Stats

File Path                           PID    Runtime      # DAGs    # Errors  Last Runtime    Last Run
----------------------------------  -----  ---------  --------  ----------  --------------  -------------------
/opt/airflow/dags/taxi_pipeline.py                           1           0  0.13s           2026-03-27T07:52:38
================================================================================
[2026-03-27T07:53:23.880+0000] {manager.py:879} INFO - 
================================================================================
DAG File Processing Stats

File Path                           PID    Runtime      # DAGs    # Errors  Last Runtime    Last Run
----------------------------------  -----  ---------  --------  ----------  --------------  -------------------
/opt/airflow/dags/taxi_pipeline.py                           1           0  0.10s           2026-03-27T07:53:08
================================================================================
[2026-03-27T07:53:54.067+0000] {manager.py:879} INFO - 
================================================================================
DAG File Processing Stats

File Path                           PID    Runtime      # DAGs    # Errors  Last Runtime    Last Run
----------------------------------  -----  ---------  --------  ----------  --------------  -------------------
/opt/airflow/dags/taxi_pipeline.py                           1           0  0.10s           2026-03-27T07:53:39
================================================================================
[2026-03-27T07:54:24.195+0000] {manager.py:879} INFO - 
================================================================================
DAG File Processing Stats

File Path                           PID    Runtime      # DAGs    # Errors  Last Runtime    Last Run
----------------------------------  -----  ---------  --------  ----------  --------------  -------------------
/opt/airflow/dags/taxi_pipeline.py                           1           0  0.10s           2026-03-27T07:54:09
================================================================================
[2026-03-27T07:54:54.386+0000] {manager.py:879} INFO - 
================================================================================
DAG File Processing Stats

File Path                           PID    Runtime      # DAGs    # Errors  Last Runtime    Last Run
----------------------------------  -----  ---------  --------  ----------  --------------  -------------------
/opt/airflow/dags/taxi_pipeline.py                           1           0  0.10s           2026-03-27T07:54:39
================================================================================
[2026-03-27T07:55:24.512+0000] {manager.py:879} INFO - 
================================================================================
DAG File Processing Stats

File Path                           PID    Runtime      # DAGs    # Errors  Last Runtime    Last Run
----------------------------------  -----  ---------  --------  ----------  --------------  -------------------
/opt/airflow/dags/taxi_pipeline.py                           1           0  0.10s           2026-03-27T07:55:09
================================================================================
[2026-03-27T07:55:54.699+0000] {manager.py:879} INFO - 
================================================================================
DAG File Processing Stats

File Path                           PID    Runtime      # DAGs    # Errors  Last Runtime    Last Run
----------------------------------  -----  ---------  --------  ----------  --------------  -------------------
/opt/airflow/dags/taxi_pipeline.py                           1           0  0.10s           2026-03-27T07:55:39
================================================================================
[2026-03-27T07:56:24.830+0000] {manager.py:879} INFO - 
================================================================================
DAG File Processing Stats

File Path                           PID    Runtime      # DAGs    # Errors  Last Runtime    Last Run
----------------------------------  -----  ---------  --------  ----------  --------------  -------------------
/opt/airflow/dags/taxi_pipeline.py                           1           0  0.10s           2026-03-27T07:56:09
================================================================================
[2026-03-27T07:56:54.999+0000] {manager.py:879} INFO - 
================================================================================
DAG File Processing Stats

File Path                           PID    Runtime      # DAGs    # Errors  Last Runtime    Last Run
----------------------------------  -----  ---------  --------  ----------  --------------  -------------------
/opt/airflow/dags/taxi_pipeline.py                           1           0  0.10s           2026-03-27T07:56:39
================================================================================
[2026-03-27T07:57:10.057+0000] {manager.py:738} INFO - Searching for files in /opt/airflow/dags
[2026-03-27T07:57:10.059+0000] {manager.py:741} INFO - There are 1 files in /opt/airflow/dags
[2026-03-27T07:57:25.141+0000] {manager.py:879} INFO - 
================================================================================
DAG File Processing Stats

File Path                           PID    Runtime      # DAGs    # Errors  Last Runtime    Last Run
----------------------------------  -----  ---------  --------  ----------  --------------  -------------------
/opt/airflow/dags/taxi_pipeline.py                           1           0  0.10s           2026-03-27T07:57:10
================================================================================
[2026-03-27T07:57:55.309+0000] {manager.py:879} INFO - 
================================================================================
DAG File Processing Stats

File Path                           PID    Runtime      # DAGs    # Errors  Last Runtime    Last Run
----------------------------------  -----  ---------  --------  ----------  --------------  -------------------
/opt/airflow/dags/taxi_pipeline.py                           1           0  0.10s           2026-03-27T07:57:40
================================================================================
[2026-03-27T07:58:25.439+0000] {manager.py:879} INFO - 
================================================================================
DAG File Processing Stats

File Path                           PID    Runtime      # DAGs    # Errors  Last Runtime    Last Run
----------------------------------  -----  ---------  --------  ----------  --------------  -------------------
/opt/airflow/dags/taxi_pipeline.py                           1           0  0.10s           2026-03-27T07:58:10
================================================================================
[2026-03-27T07:58:55.618+0000] {manager.py:879} INFO - 
================================================================================
DAG File Processing Stats

File Path                           PID    Runtime      # DAGs    # Errors  Last Runtime    Last Run
----------------------------------  -----  ---------  --------  ----------  --------------  -------------------
/opt/airflow/dags/taxi_pipeline.py                           1           0  0.10s           2026-03-27T07:58:40
================================================================================
[2026-03-27T07:59:25.748+0000] {manager.py:879} INFO - 
================================================================================
DAG File Processing Stats

File Path                           PID    Runtime      # DAGs    # Errors  Last Runtime    Last Run
----------------------------------  -----  ---------  --------  ----------  --------------  -------------------
/opt/airflow/dags/taxi_pipeline.py                           1           0  0.10s           2026-03-27T07:59:10
================================================================================
[2026-03-27T07:59:55.936+0000] {manager.py:879} INFO - 
================================================================================
DAG File Processing Stats

File Path                           PID    Runtime      # DAGs    # Errors  Last Runtime    Last Run
----------------------------------  -----  ---------  --------  ----------  --------------  -------------------
/opt/airflow/dags/taxi_pipeline.py                           1           0  0.14s           2026-03-27T07:59:40
================================================================================
[2026-03-27T08:00:26.103+0000] {manager.py:879} INFO - 
================================================================================
DAG File Processing Stats

File Path                           PID    Runtime      # DAGs    # Errors  Last Runtime    Last Run
----------------------------------  -----  ---------  --------  ----------  --------------  -------------------
/opt/airflow/dags/taxi_pipeline.py                           1           0  0.10s           2026-03-27T08:00:11
================================================================================
[2026-03-27T08:00:56.226+0000] {manager.py:879} INFO - 
================================================================================
DAG File Processing Stats

File Path                           PID    Runtime      # DAGs    # Errors  Last Runtime    Last Run
----------------------------------  -----  ---------  --------  ----------  --------------  -------------------
/opt/airflow/dags/taxi_pipeline.py                           1           0  0.10s           2026-03-27T08:00:41
================================================================================
[2026-03-27T08:01:26.413+0000] {manager.py:879} INFO - 
================================================================================
DAG File Processing Stats

File Path                           PID    Runtime      # DAGs    # Errors  Last Runtime    Last Run
----------------------------------  -----  ---------  --------  ----------  --------------  -------------------
/opt/airflow/dags/taxi_pipeline.py                           1           0  0.10s           2026-03-27T08:01:11
================================================================================
[2026-03-27T08:01:56.534+0000] {manager.py:879} INFO - 
================================================================================
DAG File Processing Stats

File Path                           PID    Runtime      # DAGs    # Errors  Last Runtime    Last Run
----------------------------------  -----  ---------  --------  ----------  --------------  -------------------
/opt/airflow/dags/taxi_pipeline.py                           1           0  0.09s           2026-03-27T08:01:41
================================================================================
[2026-03-27T08:02:10.586+0000] {manager.py:738} INFO - Searching for files in /opt/airflow/dags
[2026-03-27T08:02:10.591+0000] {manager.py:741} INFO - There are 1 files in /opt/airflow/dags
